<?xml version="1.0" encoding="UTF-8"?>
<!-- Generated by org.testng.reporters.JUnitXMLReporter -->
<testsuite hostname="DESKTOP-QCV819S" ignored="0" name="Default test" tests="3" failures="0" timestamp="2022-06-05T16:47:21 IST" time="152.179" errors="0">
  <testcase name="setUp" time="73.682" classname="testPages.Test1"/>
  <testcase name="setUp2" time="75.567" classname="testPages.Test1"/>
  <testcase name="validation" time="0.003" classname="testPages.Test1"/>
</testsuite> <!-- Default test -->
