<?xml version="1.0" encoding="UTF-8"?>
<testng-results skipped="0" failed="0" ignored="0" total="3" passed="3">
  <reporter-output>
  </reporter-output>
  <suite name="Default suite" duration-ms="152179" started-at="2022-06-05T16:44:48 IST" finished-at="2022-06-05T16:47:20 IST">
    <groups>
    </groups>
    <test name="Default test" duration-ms="152179" started-at="2022-06-05T16:44:48 IST" finished-at="2022-06-05T16:47:20 IST">
      <class name="testPages.Test1">
        <test-method status="PASS" signature="setUp()[pri:1, instance:testPages.Test1@1d0c81b]" name="setUp" duration-ms="73682" started-at="2022-06-05T16:44:48 IST" finished-at="2022-06-05T16:46:02 IST">
          <reporter-output>
          </reporter-output>
        </test-method> <!-- setUp -->
        <test-method status="PASS" signature="setUp2()[pri:2, instance:testPages.Test1@1d0c81b]" name="setUp2" duration-ms="75567" started-at="2022-06-05T16:46:05 IST" finished-at="2022-06-05T16:47:20 IST">
          <reporter-output>
          </reporter-output>
        </test-method> <!-- setUp2 -->
        <test-method status="PASS" signature="validation()[pri:3, instance:testPages.Test1@1d0c81b]" name="validation" duration-ms="3" started-at="2022-06-05T16:47:20 IST" finished-at="2022-06-05T16:47:20 IST">
          <reporter-output>
          </reporter-output>
        </test-method> <!-- validation -->
      </class> <!-- testPages.Test1 -->
    </test> <!-- Default test -->
  </suite> <!-- Default suite -->
</testng-results>
